<?xml version="1.0" encoding="UTF-8"?>
<!-- Generated by org.testng.reporters.JUnitReportReporter -->
<testsuite skipped="0" hostname="Sayannas-MacBook-Pro.local" name="com.qa.Student.StudentTestcase" tests="1" failures="0" timestamp="2021-05-23T16:59:09 PDT" time="2.337" errors="0">
  <testcase name="verifyJsonResponse" time="2.337" classname="com.qa.Student.StudentTestcase"/>
  <system-out/>
</testsuite> <!-- com.qa.Student.StudentTestcase -->
