<?xml version="1.0" encoding="UTF-8"?>
<!-- Generated by org.testng.reporters.JUnitReportReporter -->
<testsuite skipped="0" hostname="Sayannas-MacBook-Pro.local" name="com.qa.Student.StudentApiWithObjectmapper" tests="1" failures="0" timestamp="2021-05-23T16:31:16 PDT" time="5.865" errors="0">
  <testcase name="studentTest" time="5.865" classname="com.qa.Student.StudentApiWithObjectmapper"/>
  <system-out/>
</testsuite> <!-- com.qa.Student.StudentApiWithObjectmapper -->
