<?xml version="1.0" encoding="UTF-8"?>
<!-- Generated by org.testng.reporters.JUnitReportReporter -->
<testsuite skipped="0" hostname="Sayannas-MacBook-Pro.local" name="com.qa.Student.Testcase" tests="1" failures="0" timestamp="2021-05-23T08:34:11 PDT" time="2.193" errors="0">
  <testcase name="verifyJsonResponse" time="2.193" classname="com.qa.Student.Testcase"/>
  <system-out/>
</testsuite> <!-- com.qa.Student.Testcase -->
